<?xml version="1.0" encoding="UTF-8"?>
<!-- Generated by org.testng.reporters.JUnitReportReporter -->
<testsuite name="example.NewTest" tests="2" time="27.853" ignored="0" failures="0" timestamp="12 Oct 2019 16:23:28 GMT" skipped="0" hostname="DESKTOP-KB46RVK" errors="0">
  <testcase name="testEasy1" time="12.588" classname="example.NewTest"/>
  <testcase name="testEasy" time="15.265" classname="example.NewTest"/>
</testsuite> <!-- example.NewTest -->
