<?xml version="1.0" encoding="UTF-8"?>
<!-- Generated by org.testng.reporters.JUnitReportReporter -->
<testsuite name="example.NewTest" tests="1" time="14.832" ignored="0" failures="0" timestamp="11 Oct 2019 14:01:22 GMT" skipped="0" hostname="DESKTOP-KB46RVK" errors="0">
  <testcase name="testEasy" time="14.832" classname="example.NewTest"/>
</testsuite> <!-- example.NewTest -->
