<?xml version="1.0" encoding="UTF-8"?>
<!-- Generated by org.testng.reporters.JUnitReportReporter -->
<testsuite name="example.NewTest" tests="4" time="53.091" ignored="0" failures="0" timestamp="12 Oct 2019 17:50:37 GMT" skipped="0" hostname="DESKTOP-KB46RVK" errors="0">
  <testcase name="testEasy1" time="12.354" classname="example.NewTest"/>
  <testcase name="testEasy2" time="13.437" classname="example.NewTest"/>
  <testcase name="testEasy" time="14.842" classname="example.NewTest"/>
  <testcase name="testEasy3" time="12.458" classname="example.NewTest"/>
</testsuite> <!-- example.NewTest -->
